0 info it worked if it ends with ok
1 verbose cli [ 'node', '/usr/local/bin/npm', 'install' ]
2 info using npm@2.0.2
3 info using node@v0.10.32
4 verbose node symlink /usr/local/bin/node
5 verbose readDependencies using package.json deps
6 verbose install where, deps [ '/Users/chadc/wp-purgatory',
6 verbose install   [ 'bower',
6 verbose install     'grunt',
6 verbose install     'grunt-autoprefixer',
6 verbose install     'grunt-contrib-concat',
6 verbose install     'grunt-contrib-jshint',
6 verbose install     'grunt-contrib-less',
6 verbose install     'grunt-contrib-uglify',
6 verbose install     'grunt-contrib-watch',
6 verbose install     'grunt-modernizr',
6 verbose install     'grunt-wp-assets',
6 verbose install     'load-grunt-tasks',
6 verbose install     'time-grunt' ] ]
7 info preinstall roots@7.0.0
8 verbose readDependencies using package.json deps
9 verbose already installed skipping grunt-contrib-uglify@~0.5.0 /Users/chadc/wp-purgatory
10 verbose already installed skipping grunt-contrib-watch@~0.6.1 /Users/chadc/wp-purgatory
11 verbose already installed skipping grunt-modernizr@~0.5.2 /Users/chadc/wp-purgatory
12 verbose already installed skipping grunt-wp-assets@~0.2.6 /Users/chadc/wp-purgatory
13 verbose already installed skipping load-grunt-tasks@~0.6.0 /Users/chadc/wp-purgatory
14 verbose already installed skipping time-grunt@~0.3.2 /Users/chadc/wp-purgatory
15 verbose already installed skipping bower@~1.3.5 /Users/chadc/wp-purgatory
16 verbose already installed skipping grunt@~0.4.5 /Users/chadc/wp-purgatory
17 verbose already installed skipping grunt-autoprefixer@~0.8.1 /Users/chadc/wp-purgatory
18 verbose already installed skipping grunt-contrib-concat@~0.4.0 /Users/chadc/wp-purgatory
19 verbose already installed skipping grunt-contrib-jshint@~0.10.0 /Users/chadc/wp-purgatory
20 verbose already installed skipping grunt-contrib-less@~0.11.3 /Users/chadc/wp-purgatory
21 silly resolved []
22 info build /Users/chadc/wp-purgatory
23 verbose linkStuff [ false, false, false, '/Users/chadc' ]
24 info linkStuff roots@7.0.0
25 verbose linkBins roots@7.0.0
26 verbose linkMans roots@7.0.0
27 verbose rebuildBundles roots@7.0.0
28 verbose rebuildBundles [ '.bin',
28 verbose rebuildBundles   'bower',
28 verbose rebuildBundles   'grunt',
28 verbose rebuildBundles   'grunt-autoprefixer',
28 verbose rebuildBundles   'grunt-contrib-concat',
28 verbose rebuildBundles   'grunt-contrib-jshint',
28 verbose rebuildBundles   'grunt-contrib-less',
28 verbose rebuildBundles   'grunt-contrib-uglify',
28 verbose rebuildBundles   'grunt-contrib-watch',
28 verbose rebuildBundles   'grunt-modernizr',
28 verbose rebuildBundles   'grunt-wp-assets',
28 verbose rebuildBundles   'load-grunt-tasks',
28 verbose rebuildBundles   'time-grunt' ]
29 info install roots@7.0.0
30 info postinstall roots@7.0.0
31 verbose unsafe-perm in lifecycle true
32 info roots@7.0.0 Failed to exec postinstall script
33 verbose stack Error: roots@7.0.0 postinstall: `node node_modules/bower/bin/bower install && grunt dev`
33 verbose stack Exit status 1
33 verbose stack     at ChildProcess.<anonymous> (/usr/local/lib/node_modules/npm/lib/utils/lifecycle.js:212:16)
33 verbose stack     at ChildProcess.emit (events.js:98:17)
33 verbose stack     at maybeClose (child_process.js:756:16)
33 verbose stack     at Process.ChildProcess._handle.onexit (child_process.js:823:5)
34 verbose pkgid roots@7.0.0
35 verbose cwd /Users/chadc/wp-purgatory
36 error Darwin 13.4.0
37 error argv "node" "/usr/local/bin/npm" "install"
38 error node v0.10.32
39 error npm  v2.0.2
40 error code ELIFECYCLE
41 error roots@7.0.0 postinstall: `node node_modules/bower/bin/bower install && grunt dev`
41 error Exit status 1
42 error Failed at the roots@7.0.0 postinstall script.
42 error This is most likely a problem with the roots package,
42 error not with npm itself.
42 error Tell the author that this fails on your system:
42 error     node node_modules/bower/bin/bower install && grunt dev
42 error You can get their info via:
42 error     npm owner ls roots
42 error There is likely additional logging output above.
43 verbose exit [ 1, true ]
